This is METAFONT, Version 2.7182818 (TeX Live 2016) (preloaded base=mf 2017.1.11)  1 MAY 2017 18:42
**filteridadddialog.h filteriddelegate.h filteridstore.h ../../../../DEPRECATED
/
(filteridadddialog.h
>> /**
>> file.filteridadddialog.h
! Not implemented: (unknown numeric)*(unknown numeric).
<to be read again> 
                   *
l.3  *
       \author Christian Neuberger
? 
! Interruption.
l.3  *
       \author Christian Neuberger
? ^^F^^[^^[
Type <return> to proceed, S to scroll future error messages,
R to run without stopping, Q to run quietly,
I to insert something, E to edit your file,
H for help, X to quit.
? x

